SF:lib\domain\usecases\search_movies.dart
DA:9,1
DA:11,1
DA:12,2
LF:3
LH:3
end_of_record
SF:lib\domain\usecases\search_tv.dart
DA:9,1
DA:11,1
DA:12,2
LF:3
LH:3
end_of_record
SF:lib\bloc\movie\search_movie_state.dart
DA:4,1
DA:6,1
DA:7,1
DA:17,1
DA:19,1
DA:20,2
DA:26,1
DA:28,1
DA:29,2
LF:9
LH:9
end_of_record
SF:lib\bloc\movie\search_movie_event.dart
DA:4,1
DA:6,0
DA:7,0
DA:13,1
DA:15,0
DA:16,0
LF:6
LH:2
end_of_record
SF:lib\bloc\movie\search_movie_bloc.dart
DA:13,3
DA:16,1
DA:19,1
DA:20,1
DA:22,2
DA:23,3
DA:25,2
DA:26,1
DA:27,3
DA:29,1
DA:30,2
DA:36,1
DA:40,1
DA:41,1
LF:14
LH:14
end_of_record
SF:lib\bloc\tv\search_tv_state.dart
DA:4,1
DA:6,1
DA:7,1
DA:17,1
DA:19,1
DA:20,2
DA:26,1
DA:28,1
DA:29,2
LF:9
LH:9
end_of_record
SF:lib\bloc\tv\search_tv_event.dart
DA:4,1
DA:6,0
DA:7,0
DA:13,1
DA:15,0
DA:16,0
LF:6
LH:2
end_of_record
SF:lib\bloc\tv\search_tv_bloc.dart
DA:13,3
DA:16,1
DA:19,1
DA:20,1
DA:22,2
DA:23,3
DA:25,2
DA:26,1
DA:27,3
DA:29,1
DA:30,2
DA:36,1
DA:40,1
DA:41,1
LF:14
LH:14
end_of_record
