SF:lib\data\models\tv_model.dart
DA:5,4
DA:31,4
DA:32,2
DA:33,8
DA:34,2
DA:35,2
DA:36,2
DA:37,4
DA:38,2
DA:39,2
DA:40,2
DA:41,4
DA:42,2
DA:45,2
DA:46,1
DA:47,4
DA:48,1
DA:49,1
DA:50,1
DA:51,1
DA:52,1
DA:53,1
DA:54,1
DA:55,1
DA:56,1
DA:59,2
DA:60,2
DA:61,2
DA:62,2
DA:63,2
DA:64,2
DA:65,2
DA:66,2
DA:67,2
DA:68,2
DA:69,2
DA:70,2
DA:71,2
DA:75,2
DA:76,2
DA:77,2
DA:78,2
DA:79,2
DA:80,2
DA:81,2
DA:82,2
DA:83,2
DA:84,2
DA:85,2
DA:86,2
DA:87,2
LF:51
LH:51
end_of_record
SF:lib\domain\entities\tv.dart
DA:4,3
DA:18,1
DA:38,2
DA:39,2
DA:40,2
DA:41,2
DA:42,2
DA:43,2
DA:44,2
DA:45,2
DA:46,2
DA:47,2
DA:48,2
DA:49,2
DA:50,2
DA:51,2
LF:16
LH:16
end_of_record
SF:lib\data\datasources\db\tv_database_helper.dart
DA:8,0
DA:12,0
DA:16,0
DA:18,0
DA:25,0
DA:26,0
DA:27,0
DA:29,0
DA:33,0
DA:34,0
DA:41,0
DA:44,0
DA:45,0
DA:46,0
DA:49,0
DA:50,0
DA:51,0
DA:54,0
DA:58,0
DA:59,0
DA:60,0
DA:63,0
DA:66,0
DA:67,0
DA:73,0
DA:74,0
DA:75,0
LF:27
LH:0
end_of_record
SF:lib\data\models\tv_table.dart
DA:11,2
DA:18,2
DA:19,1
DA:20,1
DA:21,1
DA:22,1
DA:25,2
DA:26,1
DA:27,1
DA:28,1
DA:29,1
DA:32,0
DA:33,0
DA:34,0
DA:35,0
DA:36,0
DA:38,2
DA:39,1
DA:40,1
DA:41,1
DA:42,1
DA:45,2
DA:47,10
LF:23
LH:18
end_of_record
SF:lib\data\datasources\tv_local_data_source.dart
DA:15,1
DA:18,1
DA:20,3
DA:23,2
DA:28,1
DA:30,3
DA:33,2
DA:38,1
DA:39,3
DA:41,1
DA:48,1
DA:49,3
DA:50,4
LF:13
LH:13
end_of_record
SF:lib\data\datasources\tv_remote_data_source.dart
DA:24,1
DA:27,1
DA:29,5
DA:31,2
DA:32,4
DA:34,1
DA:39,1
DA:41,5
DA:43,2
DA:44,3
DA:46,1
DA:51,1
DA:52,2
DA:53,3
DA:55,2
DA:56,4
DA:58,1
DA:63,1
DA:65,5
DA:67,2
DA:68,4
DA:70,1
DA:75,1
DA:77,5
DA:79,2
DA:80,4
DA:82,1
DA:87,1
DA:88,2
DA:89,3
DA:91,2
DA:92,4
DA:94,1
LF:33
LH:33
end_of_record
SF:lib\data\models\tv_detail_model.dart
DA:6,2
DA:44,1
DA:45,1
DA:46,1
DA:47,1
DA:48,4
DA:49,1
DA:50,1
DA:51,1
DA:52,1
DA:53,1
DA:54,2
DA:55,1
DA:56,1
DA:57,1
DA:58,1
DA:59,1
DA:60,1
DA:61,1
DA:62,2
DA:63,1
DA:66,0
DA:67,0
DA:68,0
DA:69,0
DA:70,0
DA:71,0
DA:72,0
DA:73,0
DA:74,0
DA:75,0
DA:76,0
DA:77,0
DA:78,0
DA:79,0
DA:80,0
DA:81,0
DA:82,0
DA:83,0
DA:86,1
DA:87,1
DA:88,1
DA:89,5
DA:90,1
DA:91,1
DA:92,1
DA:93,1
DA:94,1
DA:95,1
DA:96,1
DA:97,1
DA:98,1
DA:99,1
DA:103,1
DA:104,1
DA:105,1
DA:106,1
DA:107,1
DA:108,1
DA:109,1
DA:110,1
DA:111,1
DA:112,1
DA:113,1
DA:114,1
DA:115,1
DA:116,1
DA:117,1
DA:118,1
DA:119,1
LF:70
LH:52
end_of_record
SF:lib\data\models\tv_response.dart
DA:7,2
DA:9,4
DA:10,4
DA:11,6
DA:12,6
DA:15,2
DA:16,5
DA:19,1
DA:20,2
LF:9
LH:9
end_of_record
SF:lib\data\models\genre_model.dart
DA:5,2
DA:13,2
DA:14,1
DA:15,1
DA:18,0
DA:19,0
DA:20,0
DA:23,1
DA:24,3
DA:27,1
DA:28,3
LF:11
LH:8
end_of_record
SF:lib\domain\entities\genre.dart
DA:4,5
DA:12,1
DA:13,3
LF:3
LH:3
end_of_record
SF:lib\domain\entities\tv_detail.dart
DA:5,5
DA:33,1
DA:34,1
DA:35,1
DA:36,1
DA:37,1
DA:38,1
DA:39,1
DA:40,1
DA:41,1
DA:42,1
DA:43,1
DA:44,1
LF:13
LH:13
end_of_record
SF:lib\styles\text_styles.dart
DA:5,0
DA:7,0
DA:9,0
DA:11,0
DA:15,0
LF:5
LH:0
end_of_record
SF:lib\utils\exception.dart
DA:6,2
LF:1
LH:1
end_of_record
SF:lib\utils\failure.dart
DA:6,5
DA:8,1
DA:9,2
DA:13,10
DA:17,4
DA:21,2
LF:6
LH:6
end_of_record
SF:lib\utils\state_enum.dart
DA:1,18
LF:1
LH:1
end_of_record
SF:lib\domain\usecases\get_on_air_tv.dart
DA:9,1
DA:11,1
DA:12,2
LF:3
LH:3
end_of_record
SF:lib\data\repositories\tv_repository_impl.dart
DA:16,1
DA:22,1
DA:24,3
DA:25,5
DA:26,1
DA:27,2
DA:28,1
DA:29,2
DA:34,1
DA:36,3
DA:37,2
DA:38,1
DA:39,2
DA:40,1
DA:41,2
DA:46,1
DA:48,3
DA:49,3
DA:50,1
DA:51,2
DA:52,1
DA:53,2
DA:58,1
DA:60,3
DA:61,5
DA:62,1
DA:63,2
DA:64,1
DA:65,2
DA:70,1
DA:72,3
DA:73,5
DA:74,1
DA:75,2
DA:76,1
DA:77,2
DA:82,1
DA:84,3
DA:85,5
DA:86,1
DA:87,2
DA:88,1
DA:89,2
DA:94,1
DA:97,4
DA:98,1
DA:99,1
DA:100,3
DA:107,1
DA:110,4
DA:111,1
DA:112,1
DA:113,3
DA:118,1
DA:119,3
DA:124,1
DA:125,3
DA:126,5
LF:58
LH:58
end_of_record
SF:lib\domain\usecases\get_popular_tv.dart
DA:9,1
DA:11,1
DA:12,2
LF:3
LH:3
end_of_record
SF:lib\domain\usecases\get_top_rated_tv.dart
DA:9,1
DA:11,1
DA:12,2
LF:3
LH:3
end_of_record
SF:lib\domain\usecases\get_tv_detail.dart
DA:9,1
DA:11,1
DA:12,2
LF:3
LH:3
end_of_record
SF:lib\domain\usecases\get_watchlist_status.dart
DA:6,1
DA:8,1
DA:9,2
LF:3
LH:3
end_of_record
SF:lib\domain\usecases\get_tv_recommendation.dart
DA:9,1
DA:11,1
DA:12,2
LF:3
LH:3
end_of_record
SF:lib\domain\usecases\get_watchlist_tv.dart
DA:9,1
DA:11,1
DA:12,2
LF:3
LH:3
end_of_record
SF:lib\domain\usecases\remove_watchlist.dart
DA:9,1
DA:11,1
DA:12,2
LF:3
LH:3
end_of_record
SF:lib\domain\usecases\save_watchlist.dart
DA:9,1
DA:11,1
DA:12,2
LF:3
LH:3
end_of_record
SF:lib\bloc\on_air_tv_event.dart
DA:4,1
DA:6,0
DA:7,0
LF:3
LH:1
end_of_record
SF:lib\bloc\on_air_tv_state.dart
DA:4,1
DA:6,1
DA:7,1
DA:17,1
DA:19,1
DA:20,2
DA:26,1
DA:28,1
DA:29,2
LF:9
LH:9
end_of_record
SF:lib\bloc\on_air_tv_bloc.dart
DA:10,3
DA:14,1
DA:17,1
DA:18,2
DA:19,3
DA:21,2
DA:22,1
DA:23,3
DA:24,1
DA:25,2
LF:10
LH:10
end_of_record
SF:lib\bloc\popular_tv_state.dart
DA:4,1
DA:6,1
DA:7,1
DA:17,1
DA:19,1
DA:20,2
DA:26,1
DA:28,1
DA:29,2
LF:9
LH:9
end_of_record
SF:lib\bloc\popular_tv_bloc.dart
DA:12,3
DA:15,1
DA:18,1
DA:19,2
DA:20,3
DA:22,3
DA:23,3
DA:24,1
DA:25,2
LF:9
LH:9
end_of_record
SF:lib\bloc\popular_tv_event.dart
DA:4,1
DA:6,0
DA:7,0
LF:3
LH:1
end_of_record
SF:lib\bloc\top_rated_tv_event.dart
DA:4,1
DA:6,0
DA:7,0
LF:3
LH:1
end_of_record
SF:lib\bloc\top_rated_tv_bloc.dart
DA:12,3
DA:15,1
DA:18,1
DA:19,2
DA:20,3
DA:22,3
DA:23,3
DA:24,1
DA:25,2
LF:9
LH:9
end_of_record
SF:lib\bloc\top_rated_tv_state.dart
DA:4,1
DA:6,1
DA:7,1
DA:17,1
DA:19,1
DA:20,2
DA:26,1
DA:28,1
DA:29,2
LF:9
LH:9
end_of_record
SF:lib\bloc\tv_detail_state.dart
DA:4,1
DA:6,1
DA:7,1
DA:17,1
DA:19,1
DA:20,2
DA:27,1
DA:29,1
DA:33,1
DA:34,0
DA:35,0
DA:43,1
DA:45,1
DA:49,1
DA:50,0
DA:51,0
DA:52,0
DA:55,0
DA:57,0
LF:19
LH:12
end_of_record
SF:lib\bloc\tv_detail_bloc.dart
DA:17,1
DA:19,2
DA:21,1
DA:22,2
DA:23,3
DA:24,3
DA:25,2
DA:26,3
DA:27,1
DA:28,2
DA:32,1
DA:34,2
DA:35,3
DA:36,2
DA:37,3
DA:38,1
DA:39,2
DA:43,1
DA:45,2
DA:46,3
DA:47,2
DA:48,3
DA:49,1
DA:50,2
LF:24
LH:24
end_of_record
